<?xml version="1.0" encoding="UTF-8"?>
<testsuite xmlns:xsi="http://www.w3.org/2001/XMLSchema-instance" xsi:noNamespaceSchemaLocation="https://maven.apache.org/surefire/maven-surefire-plugin/xsd/surefire-test-report-3.0.xsd" version="3.0" name="com.nepomuceno.springboot.ApiDemoApplicationTests" time="1.434" tests="1" errors="0" skipped="0" failures="0">
  <properties>
[...]
</properties>
  <testcase name="contextLoads" classname="com.nepomuceno.springboot.ApiDemoApplicationTests" time="0.325">
    <system-out><![CDATA[12:05:20.910 [main] INFO org.springframework.test.context.support.AnnotationConfigContextLoaderUtils -- Could not detect default configuration classes for test class [com.nepomuceno.springboot.ApiDemoApplicationTests]: ApiDemoApplicationTests does not declare any static, non-private, non-final, nested classes annotated with @Configuration.
12:05:20.976 [main] INFO org.springframework.boot.test.context.SpringBootTestContextBootstrapper -- Found @SpringBootConfiguration com.nepomuceno.springboot.ApiDemoApplication for test class com.nepomuceno.springboot.ApiDemoApplicationTests

  .   ____          _            __ _ _
 /\\ / ___'_ __ _ _(_)_ __  __ _ \ \ \ \
( ( )\___ | '_ | '_| | '_ \/ _` | \ \ \ \
 \\/  ___)| |_)| | | | | || (_| |  ) ) ) )
  '  |____| .__|_| |_|_| |_\__, | / / / /
 =========|_|==============|___/=/_/_/_/
 :: Spring Boot ::                (v3.2.5)

2026-04-24T12:05:21.235+08:00  INFO 9384 --- [api-demo] [           main] c.n.springboot.ApiDemoApplicationTests   : Starting ApiDemoApplicationTests using Java 26.0.1 with PID 9384 (started by Julliana in C:\Users\pc\Desktop\nepomuceno\251-Errors\springboot-lab\DevTeam1\nepomuceno\api-demo)
2026-04-24T12:05:21.236+08:00 DEBUG 9384 --- [api-demo] [           main] c.n.springboot.ApiDemoApplicationTests   : Running with Spring Boot v3.2.5, Spring v6.1.6
2026-04-24T12:05:21.236+08:00  INFO 9384 --- [api-demo] [           main] c.n.springboot.ApiDemoApplicationTests   : No active profile set, falling back to 1 default profile: "default"
2026-04-24T12:05:21.924+08:00  INFO 9384 --- [api-demo] [           main] c.n.springboot.ApiDemoApplicationTests   : Started ApiDemoApplicationTests in 0.865 seconds (process running for 1.437)
]]></system-out>
    <system-err><![CDATA[WARNING: A Java agent has been loaded dynamically (C:\Users\pc\.m2\repository\net\bytebuddy\byte-buddy-agent\1.14.13\byte-buddy-agent-1.14.13.jar)
WARNING: If a serviceability tool is in use, please run with -XX:+EnableDynamicAgentLoading to hide this warning
WARNING: If a serviceability tool is not in use, please run with -Djdk.instrument.traceUsage for more information
WARNING: Dynamic loading of agents will be disallowed by default in a future release
]]></system-err>
  </testcase>
</testsuite>