<?xml version="1.0" encoding="UTF-8"?>
<testsuite xmlns:xsi="http://www.w3.org/2001/XMLSchema-instance" xsi:noNamespaceSchemaLocation="https://maven.apache.org/surefire/maven-surefire-plugin/xsd/surefire-test-report-3.0.xsd" version="3.0" name="com.dizon.springboot.DatabaseDemoApplicationTests" time="7.751" tests="2" errors="0" skipped="0" failures="0">
  <properties>
[...]
</properties>
  <testcase name="testDatabaseOperations" classname="com.dizon.springboot.DatabaseDemoApplicationTests" time="1.079">
    <system-out><![CDATA[15:18:29.693 [main] INFO org.springframework.boot.devtools.restart.RestartApplicationListener -- Restart disabled due to context in which it is running

  .   ____          _            __ _ _
 /\\ / ___'_ __ _ _(_)_ __  __ _ \ \ \ \
( ( )\___ | '_ | '_| | '_ \/ _` | \ \ \ \
 \\/  ___)| |_)| | | | | || (_| |  ) ) ) )
  '  |____| .__|_| |_|_| |_\__, | / / / /
 =========|_|==============|___/=/_/_/_/
 :: Spring Boot ::                (v3.2.5)

2026-04-28T15:18:30.182Z  INFO 85676 --- [           main] c.d.s.DatabaseDemoApplicationTests       : Starting DatabaseDemoApplicationTests using Java 25.0.2 with PID 85676 (started by vscode in /workspaces/251-Errors/oop-databases-lab/DevTeam1/dizon/database-demo)
2026-04-28T15:18:30.184Z DEBUG 85676 --- [           main] c.d.s.DatabaseDemoApplicationTests       : Running with Spring Boot v3.2.5, Spring v6.1.6
2026-04-28T15:18:30.186Z  INFO 85676 --- [           main] c.d.s.DatabaseDemoApplicationTests       : No active profile set, falling back to 1 default profile: "default"
2026-04-28T15:18:31.523Z  INFO 85676 --- [           main] .s.d.r.c.RepositoryConfigurationDelegate : Bootstrapping Spring Data JPA repositories in DEFAULT mode.
2026-04-28T15:18:31.602Z  INFO 85676 --- [           main] .s.d.r.c.RepositoryConfigurationDelegate : Finished Spring Data repository scanning in 70 ms. Found 2 JPA repository interfaces.
2026-04-28T15:18:32.348Z  INFO 85676 --- [           main] o.hibernate.jpa.internal.util.LogHelper  : HHH000204: Processing PersistenceUnitInfo [name: default]
2026-04-28T15:18:32.407Z  INFO 85676 --- [           main] org.hibernate.Version                    : HHH000412: Hibernate ORM core version 6.4.4.Final
2026-04-28T15:18:32.448Z  INFO 85676 --- [           main] o.h.c.internal.RegionFactoryInitiator    : HHH000026: Second-level cache disabled
2026-04-28T15:18:32.966Z  INFO 85676 --- [           main] o.s.o.j.p.SpringPersistenceUnitInfo      : No LoadTimeWeaver setup: ignoring JPA class transformer
2026-04-28T15:18:33.080Z  INFO 85676 --- [           main] com.zaxxer.hikari.HikariDataSource       : HikariPool-1 - Starting...
2026-04-28T15:18:33.377Z  INFO 85676 --- [           main] com.zaxxer.hikari.pool.HikariPool        : HikariPool-1 - Added connection conn0: url=jdbc:h2:mem:testdb user=SA
2026-04-28T15:18:33.380Z  INFO 85676 --- [           main] com.zaxxer.hikari.HikariDataSource       : HikariPool-1 - Start completed.
2026-04-28T15:18:33.445Z  WARN 85676 --- [           main] org.hibernate.orm.deprecation            : HHH90000025: H2Dialect does not need to be specified explicitly using 'hibernate.dialect' (remove the property setting and it will be selected by default)
2026-04-28T15:18:34.520Z  INFO 85676 --- [           main] o.h.e.t.j.p.i.JtaPlatformInitiator       : HHH000489: No JTA platform available (set 'hibernate.transaction.jta.platform' to enable JTA platform integration)
Hibernate: 
    create table products (
        id bigint generated by default as identity,
        category varchar(255) not null,
        description varchar(500) not null,
        name varchar(100) not null,
        price float(53) not null,
        stock integer not null check (stock>=0),
        primary key (id)
    )
Hibernate: 
    create table users (
        id bigint generated by default as identity,
        email varchar(255) not null,
        is_regular boolean,
        name varchar(100) not null,
        phone_number varchar(255) not null,
        role varchar(255) not null,
        primary key (id)
    )
Hibernate: 
    alter table if exists users 
       drop constraint if exists UK_6dotkott2kjsp8vw4d0m25fb7
Hibernate: 
    alter table if exists users 
       add constraint UK_6dotkott2kjsp8vw4d0m25fb7 unique (email)
2026-04-28T15:18:34.637Z  INFO 85676 --- [           main] j.LocalContainerEntityManagerFactoryBean : Initialized JPA EntityManagerFactory for persistence unit 'default'
2026-04-28T15:18:35.239Z  WARN 85676 --- [           main] JpaBaseConfiguration$JpaWebConfiguration : spring.jpa.open-in-view is enabled by default. Therefore, database queries may be performed during view rendering. Explicitly configure spring.jpa.open-in-view to disable this warning
2026-04-28T15:18:35.704Z  INFO 85676 --- [           main] o.s.b.a.h2.H2ConsoleAutoConfiguration    : H2 console available at '/h2-console'. Database available at 'jdbc:h2:mem:testdb'
2026-04-28T15:18:35.769Z  INFO 85676 --- [           main] c.d.s.DatabaseDemoApplicationTests       : Started DatabaseDemoApplicationTests in 6.108 seconds (process running for 7.369)
Hibernate: 
    select
        u1_0.id 
    from
        users u1_0 
    where
        u1_0.email=? 
    fetch
        first ? rows only
Hibernate: 
    insert 
    into
        users
        (email, is_regular, name, phone_number, role, id) 
    values
        (?, ?, ?, ?, ?, default)
Hibernate: 
    select
        p1_0.id 
    from
        products p1_0 
    where
        p1_0.name=? 
    fetch
        first ? rows only
Hibernate: 
    insert 
    into
        products
        (category, description, name, price, stock, id) 
    values
        (?, ?, ?, ?, ?, default)
Hibernate: 
    select
        u1_0.id,
        u1_0.email,
        u1_0.is_regular,
        u1_0.name,
        u1_0.phone_number,
        u1_0.role 
    from
        users u1_0
]]></system-out>
    <system-err><![CDATA[WARNING: A Java agent has been loaded dynamically (/home/vscode/.m2/repository/net/bytebuddy/byte-buddy-agent/1.14.13/byte-buddy-agent-1.14.13.jar)
WARNING: If a serviceability tool is in use, please run with -XX:+EnableDynamicAgentLoading to hide this warning
WARNING: If a serviceability tool is not in use, please run with -Djdk.instrument.traceUsage for more information
WARNING: Dynamic loading of agents will be disallowed by default in a future release
]]></system-err>
  </testcase>
  <testcase name="contextLoads" classname="com.dizon.springboot.DatabaseDemoApplicationTests" time="0.007"/>
</testsuite>