<?xml version="1.0" encoding="UTF-8"?>
<testsuite xmlns:xsi="http://www.w3.org/2001/XMLSchema-instance" xsi:noNamespaceSchemaLocation="https://maven.apache.org/surefire/maven-surefire-plugin/xsd/surefire-test-report.xsd" version="3.0.2" name="com.nu.bscs.b.BApplicationTests" time="11.709" tests="1" errors="0" skipped="0" failures="0" flakes="0">
  <properties>
[...]
</properties>
  <testcase name="contextLoads" classname="com.nu.bscs.b.BApplicationTests" time="0.631">
    <system-out><![CDATA[15:44:33.629 [main] INFO org.springframework.test.context.support.AnnotationConfigContextLoaderUtils -- Could not detect default configuration classes for test class [com.nu.bscs.b.BApplicationTests]: BApplicationTests does not declare any static, non-private, non-final, nested classes annotated with @Configuration.
15:44:33.991 [main] INFO org.springframework.boot.test.context.SpringBootTestContextBootstrapper -- Found @SpringBootConfiguration com.nu.bscs.b.BApplication for test class com.nu.bscs.b.BApplicationTests
15:44:34.382 [main] INFO org.springframework.test.context.support.AnnotationConfigContextLoaderUtils -- Could not detect default configuration classes for test class [com.nu.bscs.b.BApplicationTests]: BApplicationTests does not declare any static, non-private, non-final, nested classes annotated with @Configuration.
15:44:34.387 [main] INFO org.springframework.boot.test.context.SpringBootTestContextBootstrapper -- Found @SpringBootConfiguration com.nu.bscs.b.BApplication for test class com.nu.bscs.b.BApplicationTests
15:44:34.588 [main] INFO org.springframework.boot.devtools.restart.RestartApplicationListener -- Restart disabled due to context in which it is running

  .   ____          _            __ _ _
 /\\ / ___'_ __ _ _(_)_ __  __ _ \ \ \ \
( ( )\___ | '_ | '_| | '_ \/ _` | \ \ \ \
 \\/  ___)| |_)| | | | | || (_| |  ) ) ) )
  '  |____| .__|_| |_|_| |_\__, | / / / /
 =========|_|==============|___/=/_/_/_/

 :: Spring Boot ::                (v4.0.6)

2026-05-06T15:44:35.194+08:00  INFO 3380 --- [api-demo] [           main] com.nu.bscs.b.BApplicationTests          : Starting BApplicationTests using Java 26.0.1 with PID 3380 (started by idanm in C:\Users\idanm\Desktop\b\Isles\backend)
2026-05-06T15:44:35.196+08:00 DEBUG 3380 --- [api-demo] [           main] com.nu.bscs.b.BApplicationTests          : Running with Spring Boot v4.0.6, Spring v7.0.7
2026-05-06T15:44:35.198+08:00  INFO 3380 --- [api-demo] [           main] com.nu.bscs.b.BApplicationTests          : No active profile set, falling back to 1 default profile: "default"
2026-05-06T15:44:37.207+08:00  INFO 3380 --- [api-demo] [           main] .s.d.r.c.RepositoryConfigurationDelegate : Bootstrapping Spring Data JPA repositories in DEFAULT mode.
2026-05-06T15:44:37.314+08:00  INFO 3380 --- [api-demo] [           main] .s.d.r.c.RepositoryConfigurationDelegate : Finished Spring Data repository scanning in 86 ms. Found 1 JPA repository interface.
2026-05-06T15:44:38.224+08:00  INFO 3380 --- [api-demo] [           main] org.hibernate.orm.jpa                    : HHH008540: Processing PersistenceUnitInfo [name: default]
2026-05-06T15:44:38.381+08:00  INFO 3380 --- [api-demo] [           main] org.hibernate.orm.core                   : HHH000001: Hibernate ORM core version 7.2.12.Final
2026-05-06T15:44:39.718+08:00  INFO 3380 --- [api-demo] [           main] o.s.o.j.p.SpringPersistenceUnitInfo      : No LoadTimeWeaver setup: ignoring JPA class transformer
2026-05-06T15:44:39.823+08:00  INFO 3380 --- [api-demo] [           main] com.zaxxer.hikari.HikariDataSource       : HikariPool-1 - Starting...
2026-05-06T15:44:40.412+08:00  INFO 3380 --- [api-demo] [           main] com.zaxxer.hikari.pool.HikariPool        : HikariPool-1 - Added connection org.postgresql.jdbc.PgConnection@5e360c3b
2026-05-06T15:44:40.415+08:00  INFO 3380 --- [api-demo] [           main] com.zaxxer.hikari.HikariDataSource       : HikariPool-1 - Start completed.
2026-05-06T15:44:40.597+08:00  INFO 3380 --- [api-demo] [           main] org.hibernate.orm.connections.pooling    : HHH10001005: Database info:
	Database JDBC URL [jdbc:postgresql://localhost:5432/apidemo]
	Database driver: PostgreSQL JDBC Driver
	Database dialect: PostgreSQLDialect
	Database version: 18.3
	Default catalog/schema: apidemo/public
	Autocommit mode: undefined/unknown
	Isolation level: READ_COMMITTED [default READ_COMMITTED]
	JDBC fetch size: none
	Pool: DataSourceConnectionProvider
	Minimum pool size: undefined/unknown
	Maximum pool size: undefined/unknown
2026-05-06T15:44:42.338+08:00  INFO 3380 --- [api-demo] [           main] org.hibernate.orm.core                   : HHH000489: No JTA platform available (set 'hibernate.transaction.jta.platform' to enable JTA platform integration)
2026-05-06T15:44:42.426+08:00  INFO 3380 --- [api-demo] [           main] j.LocalContainerEntityManagerFactoryBean : Initialized JPA EntityManagerFactory for persistence unit 'default'
2026-05-06T15:44:42.576+08:00  INFO 3380 --- [api-demo] [           main] o.s.d.j.r.query.QueryEnhancerFactories   : Hibernate is in classpath; If applicable, HQL parser will be used.
2026-05-06T15:44:44.159+08:00  INFO 3380 --- [api-demo] [           main] com.nu.bscs.b.BApplicationTests          : Started BApplicationTests in 9.607 seconds (process running for 12.585)
2026-05-06T15:44:44.167+08:00  WARN 3380 --- [api-demo] [           main] o.s.core.events.SpringDocAppInitializer  : SpringDoc /v3/api-docs endpoint is enabled by default. To disable it in production, set the property 'springdoc.api-docs.enabled=false'
2026-05-06T15:44:44.167+08:00  WARN 3380 --- [api-demo] [           main] o.s.core.events.SpringDocAppInitializer  : SpringDoc /swagger-ui.html endpoint is enabled by default. To disable it in production, set the property 'springdoc.swagger-ui.enabled=false'
]]></system-out>
    <system-err><![CDATA[Mockito is currently self-attaching to enable the inline-mock-maker. This will no longer work in future releases of the JDK. Please add Mockito as an agent to your build as described in Mockito's documentation: https://javadoc.io/doc/org.mockito/mockito-core/latest/org.mockito/org/mockito/Mockito.html#0.3
WARNING: A Java agent has been loaded dynamically (C:\Users\idanm\.m2\repository\net\bytebuddy\byte-buddy-agent\1.17.8\byte-buddy-agent-1.17.8.jar)
WARNING: If a serviceability tool is in use, please run with -XX:+EnableDynamicAgentLoading to hide this warning
WARNING: If a serviceability tool is not in use, please run with -Djdk.instrument.traceUsage for more information
WARNING: Dynamic loading of agents will be disallowed by default in a future release
]]></system-err>
  </testcase>
</testsuite>