<?xml version="1.0" encoding="UTF-8"?>
<testsuite xmlns:xsi="http://www.w3.org/2001/XMLSchema-instance" xsi:noNamespaceSchemaLocation="https://maven.apache.org/surefire/maven-surefire-plugin/xsd/surefire-test-report.xsd" version="3.0.2" name="com.rodenas.springboot.MeControllerTest" time="4.108" tests="1" errors="0" skipped="0" failures="0" flakes="0">
  <properties>
[...]
</properties>
  <testcase name="testGetMe" classname="com.rodenas.springboot.MeControllerTest" time="1.441">
    <system-out><![CDATA[09:35:06.869 [main] INFO org.springframework.test.context.support.AnnotationConfigContextLoaderUtils -- Could not detect default configuration classes for test class [com.rodenas.springboot.MeControllerTest]: MeControllerTest does not declare any static, non-private, non-final, nested classes annotated with @Configuration.
09:35:07.023 [main] INFO org.springframework.boot.test.context.SpringBootTestContextBootstrapper -- Found @SpringBootConfiguration com.rodenas.springboot.ApiDemoApplication for test class com.rodenas.springboot.MeControllerTest
09:35:07.145 [main] INFO org.springframework.test.context.support.AnnotationConfigContextLoaderUtils -- Could not detect default configuration classes for test class [com.rodenas.springboot.MeControllerTest]: MeControllerTest does not declare any static, non-private, non-final, nested classes annotated with @Configuration.
09:35:07.147 [main] INFO org.springframework.boot.test.context.SpringBootTestContextBootstrapper -- Found @SpringBootConfiguration com.rodenas.springboot.ApiDemoApplication for test class com.rodenas.springboot.MeControllerTest

  .   ____          _            __ _ _
 /\\ / ___'_ __ _ _(_)_ __  __ _ \ \ \ \
( ( )\___ | '_ | '_| | '_ \/ _` | \ \ \ \
 \\/  ___)| |_)| | | | | || (_| |  ) ) ) )
  '  |____| .__|_| |_|_| |_\__, | / / / /
 =========|_|==============|___/=/_/_/_/

 :: Spring Boot ::                (v4.0.5)

2026-04-23T09:35:07.643Z  INFO 48663 --- [           main] c.rodenas.springboot.MeControllerTest    : Starting MeControllerTest using Java 17.0.9 with PID 48663 (started by codespace in /workspaces/251-Errors/springboot-lab/Rodenas)
2026-04-23T09:35:07.650Z  INFO 48663 --- [           main] c.rodenas.springboot.MeControllerTest    : No active profile set, falling back to 1 default profile: "default"
2026-04-23T09:35:09.144Z  INFO 48663 --- [           main] c.rodenas.springboot.MeControllerTest    : Started MeControllerTest in 1.915 seconds (process running for 3.925)
]]></system-out>
  </testcase>
</testsuite>