<?xml version="1.0" encoding="UTF-8"?>
<testsuite xmlns:xsi="http://www.w3.org/2001/XMLSchema-instance" xsi:noNamespaceSchemaLocation="https://maven.apache.org/surefire/maven-surefire-plugin/xsd/surefire-test-report-3.0.xsd" version="3.0" name="com.dizon.springboot.MeControllerTest" time="4.436" tests="1" errors="0" skipped="0" failures="0">
  <properties>
[...]
</properties>
  <testcase name="testGetMe" classname="com.dizon.springboot.MeControllerTest" time="1.557">
    <system-out><![CDATA[12:46:29.742 [main] INFO org.springframework.test.context.support.AnnotationConfigContextLoaderUtils -- Could not detect default configuration classes for test class [com.dizon.springboot.MeControllerTest]: MeControllerTest does not declare any static, non-private, non-final, nested classes annotated with @Configuration.
12:46:29.939 [main] INFO org.springframework.boot.test.context.SpringBootTestContextBootstrapper -- Found @SpringBootConfiguration com.dizon.springboot.ApiDemoApplication for test class com.dizon.springboot.MeControllerTest

  .   ____          _            __ _ _
 /\\ / ___'_ __ _ _(_)_ __  __ _ \ \ \ \
( ( )\___ | '_ | '_| | '_ \/ _` | \ \ \ \
 \\/  ___)| |_)| | | | | || (_| |  ) ) ) )
  '  |____| .__|_| |_|_| |_\__, | / / / /
 =========|_|==============|___/=/_/_/_/
 :: Spring Boot ::                (v3.2.5)

2026-04-23T12:46:30.505Z  INFO 80718 --- [           main] com.dizon.springboot.MeControllerTest    : Starting MeControllerTest using Java 17.0.18 with PID 80718 (started by codespace in /workspaces/251-Errors/springboot-lab/dizon/api-demo)
2026-04-23T12:46:30.506Z DEBUG 80718 --- [           main] com.dizon.springboot.MeControllerTest    : Running with Spring Boot v3.2.5, Spring v6.1.6
2026-04-23T12:46:30.507Z  INFO 80718 --- [           main] com.dizon.springboot.MeControllerTest    : No active profile set, falling back to 1 default profile: "default"
2026-04-23T12:46:32.316Z  INFO 80718 --- [           main] com.dizon.springboot.MeControllerTest    : Started MeControllerTest in 2.152 seconds (process running for 3.758)
2026-04-23T12:46:33.670Z  INFO 80718 --- [           main] o.s.mock.web.MockServletContext          : Initializing Spring TestDispatcherServlet ''
2026-04-23T12:46:33.672Z  INFO 80718 --- [           main] o.s.t.web.servlet.TestDispatcherServlet  : Initializing Servlet ''
2026-04-23T12:46:33.675Z  INFO 80718 --- [           main] o.s.t.web.servlet.TestDispatcherServlet  : Completed initialization in 0 ms
]]></system-out>
  </testcase>
</testsuite>