<?xml version="1.0" encoding="UTF-8"?>
<testsuite xmlns:xsi="http://www.w3.org/2001/XMLSchema-instance" xsi:noNamespaceSchemaLocation="https://maven.apache.org/surefire/maven-surefire-plugin/xsd/surefire-test-report.xsd" version="3.0.2" name="com.isles.springboot.ApiDemoApplicationTests" time="4.802" tests="1" errors="0" skipped="0" failures="0" flakes="0">
  <properties>
[...]
</properties>
  <testcase name="contextLoads" classname="com.isles.springboot.ApiDemoApplicationTests" time="0.708">
    <system-out><![CDATA[23:44:03.454 [main] INFO org.springframework.test.context.support.AnnotationConfigContextLoaderUtils -- Could not detect default configuration classes for test class [com.isles.springboot.ApiDemoApplicationTests]: ApiDemoApplicationTests does not declare any static, non-private, non-final, nested classes annotated with @Configuration.
23:44:03.762 [main] INFO org.springframework.boot.test.context.SpringBootTestContextBootstrapper -- Found @SpringBootConfiguration com.isles.springboot.ApiDemoApplication for test class com.isles.springboot.ApiDemoApplicationTests
23:44:04.004 [main] INFO org.springframework.test.context.support.AnnotationConfigContextLoaderUtils -- Could not detect default configuration classes for test class [com.isles.springboot.ApiDemoApplicationTests]: ApiDemoApplicationTests does not declare any static, non-private, non-final, nested classes annotated with @Configuration.
23:44:04.008 [main] INFO org.springframework.boot.test.context.SpringBootTestContextBootstrapper -- Found @SpringBootConfiguration com.isles.springboot.ApiDemoApplication for test class com.isles.springboot.ApiDemoApplicationTests

  .   ____          _            __ _ _
 /\\ / ___'_ __ _ _(_)_ __  __ _ \ \ \ \
( ( )\___ | '_ | '_| | '_ \/ _` | \ \ \ \
 \\/  ___)| |_)| | | | | || (_| |  ) ) ) )
  '  |____| .__|_| |_|_| |_\__, | / / / /
 =========|_|==============|___/=/_/_/_/

 :: Spring Boot ::                (v4.0.5)

2026-04-23T23:44:04.729+08:00  INFO 10944 --- [api-demo] [           main] c.i.springboot.ApiDemoApplicationTests   : Starting ApiDemoApplicationTests using Java 26.0.1 with PID 10944 (started by idanm in C:\Users\idanm\IdeaProjects\springboot-lab\isles\api-demo)
2026-04-23T23:44:04.732+08:00 DEBUG 10944 --- [api-demo] [           main] c.i.springboot.ApiDemoApplicationTests   : Running with Spring Boot v4.0.5, Spring v7.0.6
2026-04-23T23:44:04.734+08:00  INFO 10944 --- [api-demo] [           main] c.i.springboot.ApiDemoApplicationTests   : No active profile set, falling back to 1 default profile: "default"
2026-04-23T23:44:06.995+08:00  INFO 10944 --- [api-demo] [           main] c.i.springboot.ApiDemoApplicationTests   : Started ApiDemoApplicationTests in 2.852 seconds (process running for 5.435)
]]></system-out>
  </testcase>
</testsuite>