<?xml version="1.0" encoding="UTF-8"?>
<testsuite xmlns:xsi="http://www.w3.org/2001/XMLSchema-instance" xsi:noNamespaceSchemaLocation="https://maven.apache.org/surefire/maven-surefire-plugin/xsd/surefire-test-report.xsd" version="3.0.2" name="com.isles.springboot.ProductServiceTest" time="0.443" tests="1" errors="0" skipped="0" failures="0" flakes="0">
  <properties>
[...]
</properties>
  <testcase name="shouldCreateAndUpdateProduct" classname="com.isles.springboot.ProductServiceTest" time="0.413">
    <system-out><![CDATA[2026-04-27T20:01:06.531+08:00  INFO 2772 --- [api-demo] [           main] t.c.s.AnnotationConfigContextLoaderUtils : Could not detect default configuration classes for test class [com.isles.springboot.ProductServiceTest]: ProductServiceTest does not declare any static, non-private, non-final, nested classes annotated with @Configuration.
2026-04-27T20:01:06.537+08:00  INFO 2772 --- [api-demo] [           main] .b.t.c.SpringBootTestContextBootstrapper : Found @SpringBootConfiguration com.isles.springboot.ApiDemoApplication for test class com.isles.springboot.ProductServiceTest
2026-04-27T20:01:06.540+08:00  INFO 2772 --- [api-demo] [           main] t.c.s.AnnotationConfigContextLoaderUtils : Could not detect default configuration classes for test class [com.isles.springboot.ProductServiceTest]: ProductServiceTest does not declare any static, non-private, non-final, nested classes annotated with @Configuration.
2026-04-27T20:01:06.542+08:00  INFO 2772 --- [api-demo] [           main] .b.t.c.SpringBootTestContextBootstrapper : Found @SpringBootConfiguration com.isles.springboot.ApiDemoApplication for test class com.isles.springboot.ProductServiceTest
Hibernate: insert into products (category,description,name,price,stock_quantity,id) values (?,?,?,?,?,default)
Hibernate: select p1_0.id,p1_0.category,p1_0.description,p1_0.name,p1_0.price,p1_0.stock_quantity from products p1_0 where p1_0.id=?
Hibernate: select p1_0.id,p1_0.category,p1_0.description,p1_0.name,p1_0.price,p1_0.stock_quantity from products p1_0 where p1_0.id=?
Hibernate: update products set category=?,description=?,name=?,price=?,stock_quantity=? where id=?
]]></system-out>
  </testcase>
</testsuite>