<?xml version="1.0" encoding="UTF-8"?>
<testsuite xmlns:xsi="http://www.w3.org/2001/XMLSchema-instance" xsi:noNamespaceSchemaLocation="https://maven.apache.org/surefire/maven-surefire-plugin/xsd/surefire-test-report.xsd" version="3.0.2" name="com.isles.springboot.ApiDemoApplicationTests" time="8.253" tests="1" errors="0" skipped="0" failures="0" flakes="0">
  <properties>
[...]
</properties>
  <testcase name="contextLoads" classname="com.isles.springboot.ApiDemoApplicationTests" time="0.263">
    <system-out><![CDATA[20:00:58.601 [main] INFO org.springframework.test.context.support.AnnotationConfigContextLoaderUtils -- Could not detect default configuration classes for test class [com.isles.springboot.ApiDemoApplicationTests]: ApiDemoApplicationTests does not declare any static, non-private, non-final, nested classes annotated with @Configuration.
20:00:58.821 [main] INFO org.springframework.boot.test.context.SpringBootTestContextBootstrapper -- Found @SpringBootConfiguration com.isles.springboot.ApiDemoApplication for test class com.isles.springboot.ApiDemoApplicationTests
20:00:59.014 [main] INFO org.springframework.test.context.support.AnnotationConfigContextLoaderUtils -- Could not detect default configuration classes for test class [com.isles.springboot.ApiDemoApplicationTests]: ApiDemoApplicationTests does not declare any static, non-private, non-final, nested classes annotated with @Configuration.
20:00:59.017 [main] INFO org.springframework.boot.test.context.SpringBootTestContextBootstrapper -- Found @SpringBootConfiguration com.isles.springboot.ApiDemoApplication for test class com.isles.springboot.ApiDemoApplicationTests
20:00:59.194 [main] INFO org.springframework.boot.devtools.restart.RestartApplicationListener -- Restart disabled due to context in which it is running

  .   ____          _            __ _ _
 /\\ / ___'_ __ _ _(_)_ __  __ _ \ \ \ \
( ( )\___ | '_ | '_| | '_ \/ _` | \ \ \ \
 \\/  ___)| |_)| | | | | || (_| |  ) ) ) )
  '  |____| .__|_| |_|_| |_\__, | / / / /
 =========|_|==============|___/=/_/_/_/

 :: Spring Boot ::                (v4.0.5)

2026-04-27T20:00:59.684+08:00  INFO 2772 --- [api-demo] [           main] c.i.springboot.ApiDemoApplicationTests   : Starting ApiDemoApplicationTests using Java 26.0.1 with PID 2772 (started by idanm in C:\Users\idanm\IdeaProjects\springboot-lab\isles\api-demo)
2026-04-27T20:00:59.686+08:00 DEBUG 2772 --- [api-demo] [           main] c.i.springboot.ApiDemoApplicationTests   : Running with Spring Boot v4.0.5, Spring v7.0.6
2026-04-27T20:00:59.687+08:00  INFO 2772 --- [api-demo] [           main] c.i.springboot.ApiDemoApplicationTests   : No active profile set, falling back to 1 default profile: "default"
2026-04-27T20:01:01.036+08:00  INFO 2772 --- [api-demo] [           main] .s.d.r.c.RepositoryConfigurationDelegate : Bootstrapping Spring Data JPA repositories in DEFAULT mode.
2026-04-27T20:01:01.145+08:00  INFO 2772 --- [api-demo] [           main] .s.d.r.c.RepositoryConfigurationDelegate : Finished Spring Data repository scanning in 89 ms. Found 2 JPA repository interfaces.
2026-04-27T20:01:01.834+08:00  INFO 2772 --- [api-demo] [           main] org.hibernate.orm.jpa                    : HHH008540: Processing PersistenceUnitInfo [name: default]
2026-04-27T20:01:01.931+08:00  INFO 2772 --- [api-demo] [           main] org.hibernate.orm.core                   : HHH000001: Hibernate ORM core version 7.2.7.Final
2026-04-27T20:01:03.007+08:00  INFO 2772 --- [api-demo] [           main] o.s.o.j.p.SpringPersistenceUnitInfo      : No LoadTimeWeaver setup: ignoring JPA class transformer
2026-04-27T20:01:03.074+08:00  INFO 2772 --- [api-demo] [           main] com.zaxxer.hikari.HikariDataSource       : HikariPool-1 - Starting...
2026-04-27T20:01:03.394+08:00  INFO 2772 --- [api-demo] [           main] com.zaxxer.hikari.pool.HikariPool        : HikariPool-1 - Added connection conn0: url=jdbc:h2:mem:testdb user=SA
2026-04-27T20:01:03.397+08:00  INFO 2772 --- [api-demo] [           main] com.zaxxer.hikari.HikariDataSource       : HikariPool-1 - Start completed.
2026-04-27T20:01:03.488+08:00  INFO 2772 --- [api-demo] [           main] org.hibernate.orm.connections.pooling    : HHH10001005: Database info:
	Database JDBC URL [jdbc:h2:mem:testdb]
	Database driver: H2 JDBC Driver
	Database dialect: H2Dialect
	Database version: 2.4.240
	Default catalog/schema: TESTDB/PUBLIC
	Autocommit mode: undefined/unknown
	Isolation level: READ_COMMITTED [default READ_COMMITTED]
	JDBC fetch size: 100
	Pool: DataSourceConnectionProvider
	Minimum pool size: undefined/unknown
	Maximum pool size: undefined/unknown
2026-04-27T20:01:04.775+08:00  INFO 2772 --- [api-demo] [           main] org.hibernate.orm.core                   : HHH000489: No JTA platform available (set 'hibernate.transaction.jta.platform' to enable JTA platform integration)
Hibernate: create table products (id bigint generated by default as identity, category varchar(255) not null, description varchar(1000) not null, name varchar(255) not null, price float(53) not null, stock_quantity integer not null, primary key (id))
Hibernate: create table users (id bigint generated by default as identity, email varchar(255) not null, name varchar(255) not null, phone_number varchar(255) not null, regular boolean not null, role varchar(255) not null, primary key (id))
Hibernate: alter table if exists users drop constraint if exists UK6dotkott2kjsp8vw4d0m25fb7
Hibernate: alter table if exists users add constraint UK6dotkott2kjsp8vw4d0m25fb7 unique (email)
2026-04-27T20:01:04.873+08:00  INFO 2772 --- [api-demo] [           main] j.LocalContainerEntityManagerFactoryBean : Initialized JPA EntityManagerFactory for persistence unit 'default'
2026-04-27T20:01:05.044+08:00  INFO 2772 --- [api-demo] [           main] o.s.d.j.r.query.QueryEnhancerFactories   : Hibernate is in classpath; If applicable, HQL parser will be used.
2026-04-27T20:01:05.363+08:00  WARN 2772 --- [api-demo] [           main] JpaBaseConfiguration$JpaWebConfiguration : spring.jpa.open-in-view is enabled by default. Therefore, database queries may be performed during view rendering. Explicitly configure spring.jpa.open-in-view to disable this warning
2026-04-27T20:01:06.048+08:00  INFO 2772 --- [api-demo] [           main] o.s.b.h.a.H2ConsoleAutoConfiguration     : H2 console available at '/h2-console'. Database available at 'jdbc:h2:mem:testdb'
2026-04-27T20:01:06.213+08:00  INFO 2772 --- [api-demo] [           main] c.i.springboot.ApiDemoApplicationTests   : Started ApiDemoApplicationTests in 7.05 seconds (process running for 9.248)
]]></system-out>
  </testcase>
</testsuite>